14/02/2019 18:23:23 
      "The email address is already in use by another account."
      at user: 
      0
      huynhtuanhuy1996@gmail.com
      Huỳnh Tuấn Huy 
        
14/02/2019 18:23:24 
      "The email address is already in use by another account."
      at user: 
      1
      minhduc.096.99@gmail.com
      Minh Đức 
        
14/02/2019 18:23:25 
      "The email address is already in use by another account."
      at user: 
      2
      admin@gmail.com
      ad min 
        
14/02/2019 18:23:25 
      "The email address is already in use by another account."
      at user: 
      3
      trungheo100@gmail.com
      Nguyễn Văn Trung 
        
14/02/2019 18:23:26 
      "The email address is already in use by another account."
      at user: 
      4
      buianhnhat2003@gmail.com
      Bùi Anh Nhật 
        
14/02/2019 18:23:27 
      "The email address is already in use by another account."
      at user: 
      5
      Vuquocminh2002@gmail.com
      Vũ Quốc Minh 
        
14/02/2019 18:23:28 
      "The email address is already in use by another account."
      at user: 
      6
      hongnhungdoan161@gmail.com
      Đoàn Việt Anh 
        
14/02/2019 18:23:28 
      "The email address is already in use by another account."
      at user: 
      7
      laituananh1711@gmail.com
      Lại Tuấn Anh 
        
14/02/2019 18:23:29 
      "The email address is already in use by another account."
      at user: 
      8
      definitelynotduong@gmail.com
      Nguyễn Xuân Thái Dương 
        
